{"/Users/rudicarrillo/Documentos/GitHub/CAPSTONE/Module 2/kanban-capstone-js-module2/src/module/buildCommentPopUp.js": {"path":"/Users/rudicarrillo/Documentos/GitHub/CAPSTONE/Module 2/kanban-capstone-js-module2/src/module/buildCommentPopUp.js","statementMap":{"0":{"start":{"line":7,"column":4},"end":{"line":7,"column":35}},"1":{"start":{"line":9,"column":4},"end":{"line":9,"column":22}},"2":{"start":{"line":10,"column":4},"end":{"line":10,"column":55}},"3":{"start":{"line":12,"column":4},"end":{"line":12,"column":75}},"4":{"start":{"line":13,"column":4},"end":{"line":13,"column":59}},"5":{"start":{"line":15,"column":4},"end":{"line":15,"column":80}},"6":{"start":{"line":16,"column":4},"end":{"line":16,"column":54}},"7":{"start":{"line":18,"column":29},"end":{"line":18,"column":46}},"8":{"start":{"line":20,"column":4},"end":{"line":20,"column":84}},"9":{"start":{"line":21,"column":4},"end":{"line":25,"column":7}},"10":{"start":{"line":22,"column":26},"end":{"line":22,"column":54}},"11":{"start":{"line":23,"column":6},"end":{"line":23,"column":51}},"12":{"start":{"line":24,"column":6},"end":{"line":24,"column":58}},"13":{"start":{"line":27,"column":4},"end":{"line":27,"column":75}},"14":{"start":{"line":28,"column":24},"end":{"line":28,"column":37}},"15":{"start":{"line":29,"column":4},"end":{"line":33,"column":7}},"16":{"start":{"line":30,"column":23},"end":{"line":30,"column":51}},"17":{"start":{"line":31,"column":6},"end":{"line":31,"column":37}},"18":{"start":{"line":32,"column":6},"end":{"line":32,"column":50}},"19":{"start":{"line":35,"column":4},"end":{"line":35,"column":76}},"20":{"start":{"line":36,"column":25},"end":{"line":36,"column":38}},"21":{"start":{"line":37,"column":4},"end":{"line":41,"column":7}},"22":{"start":{"line":38,"column":23},"end":{"line":38,"column":51}},"23":{"start":{"line":39,"column":6},"end":{"line":39,"column":67}},"24":{"start":{"line":40,"column":6},"end":{"line":40,"column":51}},"25":{"start":{"line":44,"column":4},"end":{"line":44,"column":78}},"26":{"start":{"line":45,"column":23},"end":{"line":45,"column":51}},"27":{"start":{"line":46,"column":4},"end":{"line":46,"column":42}},"28":{"start":{"line":47,"column":4},"end":{"line":47,"column":52}},"29":{"start":{"line":49,"column":4},"end":{"line":49,"column":80}},"30":{"start":{"line":50,"column":4},"end":{"line":50,"column":85}},"31":{"start":{"line":51,"column":4},"end":{"line":55,"column":6}},"32":{"start":{"line":57,"column":4},"end":{"line":57,"column":64}},"33":{"start":{"line":58,"column":4},"end":{"line":58,"column":90}},"34":{"start":{"line":59,"column":4},"end":{"line":59,"column":95}},"35":{"start":{"line":60,"column":4},"end":{"line":60,"column":90}},"36":{"start":{"line":61,"column":4},"end":{"line":76,"column":7}},"37":{"start":{"line":62,"column":6},"end":{"line":62,"column":25}},"38":{"start":{"line":63,"column":23},"end":{"line":63,"column":57}},"39":{"start":{"line":64,"column":29},"end":{"line":64,"column":62}},"40":{"start":{"line":65,"column":22},"end":{"line":65,"column":76}},"41":{"start":{"line":66,"column":6},"end":{"line":66,"column":45}},"42":{"start":{"line":67,"column":6},"end":{"line":67,"column":46}},"43":{"start":{"line":68,"column":6},"end":{"line":68,"column":32}},"44":{"start":{"line":69,"column":6},"end":{"line":75,"column":15}},"45":{"start":{"line":70,"column":8},"end":{"line":74,"column":10}},"46":{"start":{"line":78,"column":4},"end":{"line":78,"column":72}},"47":{"start":{"line":79,"column":4},"end":{"line":82,"column":7}},"48":{"start":{"line":80,"column":6},"end":{"line":80,"column":69}},"49":{"start":{"line":81,"column":6},"end":{"line":81,"column":37}},"50":{"start":{"line":85,"column":24},"end":{"line":135,"column":5}},"51":{"start":{"line":86,"column":20},"end":{"line":86,"column":42}},"52":{"start":{"line":87,"column":6},"end":{"line":87,"column":38}},"53":{"start":{"line":88,"column":6},"end":{"line":134,"column":27}},"54":{"start":{"line":137,"column":25},"end":{"line":140,"column":5}},"55":{"start":{"line":138,"column":22},"end":{"line":138,"column":48}},"56":{"start":{"line":139,"column":6},"end":{"line":139,"column":21}},"57":{"start":{"line":142,"column":25},"end":{"line":155,"column":5}},"58":{"start":{"line":143,"column":6},"end":{"line":154,"column":7}},"59":{"start":{"line":144,"column":25},"end":{"line":144,"column":52}},"60":{"start":{"line":145,"column":8},"end":{"line":145,"column":42}},"61":{"start":{"line":146,"column":8},"end":{"line":150,"column":11}},"62":{"start":{"line":147,"column":30},"end":{"line":147,"column":58}},"63":{"start":{"line":148,"column":10},"end":{"line":148,"column":102}},"64":{"start":{"line":149,"column":10},"end":{"line":149,"column":42}},"65":{"start":{"line":152,"column":8},"end":{"line":152,"column":28}},"66":{"start":{"line":153,"column":8},"end":{"line":153,"column":51}}},"fnMap":{"0":{"name":"(anonymous_0)","decl":{"start":{"line":6,"column":2},"end":{"line":6,"column":3}},"loc":{"start":{"line":6,"column":42},"end":{"line":83,"column":3}},"line":6},"1":{"name":"(anonymous_1)","decl":{"start":{"line":21,"column":29},"end":{"line":21,"column":30}},"loc":{"start":{"line":21,"column":42},"end":{"line":25,"column":5}},"line":21},"2":{"name":"(anonymous_2)","decl":{"start":{"line":29,"column":24},"end":{"line":29,"column":25}},"loc":{"start":{"line":29,"column":34},"end":{"line":33,"column":5}},"line":29},"3":{"name":"(anonymous_3)","decl":{"start":{"line":37,"column":25},"end":{"line":37,"column":26}},"loc":{"start":{"line":37,"column":35},"end":{"line":41,"column":5}},"line":37},"4":{"name":"(anonymous_4)","decl":{"start":{"line":61,"column":56},"end":{"line":61,"column":57}},"loc":{"start":{"line":61,"column":63},"end":{"line":76,"column":5}},"line":61},"5":{"name":"(anonymous_5)","decl":{"start":{"line":69,"column":17},"end":{"line":69,"column":18}},"loc":{"start":{"line":69,"column":23},"end":{"line":75,"column":7}},"line":69},"6":{"name":"(anonymous_6)","decl":{"start":{"line":79,"column":51},"end":{"line":79,"column":52}},"loc":{"start":{"line":79,"column":57},"end":{"line":82,"column":5}},"line":79},"7":{"name":"(anonymous_7)","decl":{"start":{"line":85,"column":24},"end":{"line":85,"column":25}},"loc":{"start":{"line":85,"column":30},"end":{"line":135,"column":5}},"line":85},"8":{"name":"(anonymous_8)","decl":{"start":{"line":137,"column":25},"end":{"line":137,"column":26}},"loc":{"start":{"line":137,"column":44},"end":{"line":140,"column":5}},"line":137},"9":{"name":"(anonymous_9)","decl":{"start":{"line":142,"column":25},"end":{"line":142,"column":26}},"loc":{"start":{"line":142,"column":61},"end":{"line":155,"column":5}},"line":142},"10":{"name":"(anonymous_10)","decl":{"start":{"line":146,"column":25},"end":{"line":146,"column":26}},"loc":{"start":{"line":146,"column":38},"end":{"line":150,"column":9}},"line":146}},"branchMap":{},"s":{"0":0,"1":0,"2":0,"3":0,"4":0,"5":0,"6":0,"7":0,"8":0,"9":0,"10":0,"11":0,"12":0,"13":0,"14":0,"15":0,"16":0,"17":0,"18":0,"19":0,"20":0,"21":0,"22":0,"23":0,"24":0,"25":0,"26":0,"27":0,"28":0,"29":0,"30":0,"31":0,"32":0,"33":0,"34":0,"35":0,"36":0,"37":0,"38":0,"39":0,"40":0,"41":0,"42":0,"43":0,"44":0,"45":0,"46":0,"47":0,"48":0,"49":0,"50":1,"51":0,"52":0,"53":0,"54":1,"55":0,"56":0,"57":1,"58":0,"59":0,"60":0,"61":0,"62":0,"63":0,"64":0,"65":0,"66":0},"f":{"0":0,"1":0,"2":0,"3":0,"4":0,"5":0,"6":0,"7":0,"8":0,"9":0,"10":0},"b":{},"_coverageSchema":"1a1c01bbd47fc00a2c39e90264f33305004495a9","hash":"c5886750d1734ae7f4ccb1190ff5de554154f644"}
,"/Users/rudicarrillo/Documentos/GitHub/CAPSTONE/Module 2/kanban-capstone-js-module2/src/module/comment.js": {"path":"/Users/rudicarrillo/Documentos/GitHub/CAPSTONE/Module 2/kanban-capstone-js-module2/src/module/comment.js","statementMap":{"0":{"start":{"line":3,"column":4},"end":{"line":3,"column":25}},"1":{"start":{"line":4,"column":4},"end":{"line":4,"column":29}},"2":{"start":{"line":5,"column":4},"end":{"line":5,"column":27}}},"fnMap":{"0":{"name":"(anonymous_0)","decl":{"start":{"line":2,"column":2},"end":{"line":2,"column":3}},"loc":{"start":{"line":2,"column":41},"end":{"line":6,"column":3}},"line":2}},"branchMap":{},"s":{"0":0,"1":0,"2":0},"f":{"0":0},"b":{},"_coverageSchema":"1a1c01bbd47fc00a2c39e90264f33305004495a9","hash":"f29ba9c7de808db41b15f38cb97712f4d1f39311"}
,"/Users/rudicarrillo/Documentos/GitHub/CAPSTONE/Module 2/kanban-capstone-js-module2/src/module/involvementApi.js": {"path":"/Users/rudicarrillo/Documentos/GitHub/CAPSTONE/Module 2/kanban-capstone-js-module2/src/module/involvementApi.js","statementMap":{"0":{"start":{"line":1,"column":19},"end":{"line":6,"column":1}},"1":{"start":{"line":2,"column":19},"end":{"line":3,"column":39}},"2":{"start":{"line":3,"column":22},"end":{"line":3,"column":38}},"3":{"start":{"line":4,"column":19},"end":{"line":4,"column":40}},"4":{"start":{"line":5,"column":2},"end":{"line":5,"column":18}},"5":{"start":{"line":8,"column":20},"end":{"line":23,"column":1}},"6":{"start":{"line":9,"column":19},"end":{"line":20,"column":39}},"7":{"start":{"line":20,"column":22},"end":{"line":20,"column":38}},"8":{"start":{"line":21,"column":14},"end":{"line":21,"column":28}},"9":{"start":{"line":22,"column":2},"end":{"line":22,"column":13}},"10":{"start":{"line":25,"column":17},"end":{"line":39,"column":1}},"11":{"start":{"line":26,"column":19},"end":{"line":35,"column":39}},"12":{"start":{"line":35,"column":22},"end":{"line":35,"column":38}},"13":{"start":{"line":37,"column":17},"end":{"line":37,"column":31}},"14":{"start":{"line":38,"column":2},"end":{"line":38,"column":16}},"15":{"start":{"line":41,"column":17},"end":{"line":61,"column":1}},"16":{"start":{"line":43,"column":2},"end":{"line":59,"column":3}},"17":{"start":{"line":44,"column":21},"end":{"line":44,"column":134}},"18":{"start":{"line":47,"column":4},"end":{"line":49,"column":5}},"19":{"start":{"line":48,"column":6},"end":{"line":48,"column":64}},"20":{"start":{"line":52,"column":4},"end":{"line":56,"column":5}},"21":{"start":{"line":53,"column":6},"end":{"line":53,"column":17}},"22":{"start":{"line":55,"column":6},"end":{"line":55,"column":36}},"23":{"start":{"line":58,"column":4},"end":{"line":58,"column":15}},"24":{"start":{"line":60,"column":2},"end":{"line":60,"column":15}}},"fnMap":{"0":{"name":"(anonymous_0)","decl":{"start":{"line":1,"column":19},"end":{"line":1,"column":20}},"loc":{"start":{"line":1,"column":40},"end":{"line":6,"column":1}},"line":1},"1":{"name":"(anonymous_1)","decl":{"start":{"line":3,"column":11},"end":{"line":3,"column":12}},"loc":{"start":{"line":3,"column":22},"end":{"line":3,"column":38}},"line":3},"2":{"name":"(anonymous_2)","decl":{"start":{"line":8,"column":20},"end":{"line":8,"column":21}},"loc":{"start":{"line":8,"column":39},"end":{"line":23,"column":1}},"line":8},"3":{"name":"(anonymous_3)","decl":{"start":{"line":20,"column":11},"end":{"line":20,"column":12}},"loc":{"start":{"line":20,"column":22},"end":{"line":20,"column":38}},"line":20},"4":{"name":"(anonymous_4)","decl":{"start":{"line":25,"column":17},"end":{"line":25,"column":18}},"loc":{"start":{"line":25,"column":38},"end":{"line":39,"column":1}},"line":25},"5":{"name":"(anonymous_5)","decl":{"start":{"line":35,"column":11},"end":{"line":35,"column":12}},"loc":{"start":{"line":35,"column":22},"end":{"line":35,"column":38}},"line":35},"6":{"name":"(anonymous_6)","decl":{"start":{"line":41,"column":17},"end":{"line":41,"column":18}},"loc":{"start":{"line":41,"column":29},"end":{"line":61,"column":1}},"line":41}},"branchMap":{"0":{"loc":{"start":{"line":47,"column":4},"end":{"line":49,"column":5}},"type":"if","locations":[{"start":{"line":47,"column":4},"end":{"line":49,"column":5}},{"start":{},"end":{}}],"line":47},"1":{"loc":{"start":{"line":52,"column":4},"end":{"line":56,"column":5}},"type":"if","locations":[{"start":{"line":52,"column":4},"end":{"line":56,"column":5}},{"start":{"line":54,"column":11},"end":{"line":56,"column":5}}],"line":52},"2":{"loc":{"start":{"line":52,"column":8},"end":{"line":52,"column":81}},"type":"binary-expr","locations":[{"start":{"line":52,"column":8},"end":{"line":52,"column":54}},{"start":{"line":52,"column":58},"end":{"line":52,"column":81}}],"line":52}},"s":{"0":1,"1":0,"2":0,"3":0,"4":0,"5":1,"6":0,"7":0,"8":0,"9":0,"10":1,"11":0,"12":0,"13":0,"14":0,"15":1,"16":0,"17":0,"18":0,"19":0,"20":0,"21":0,"22":0,"23":0,"24":0},"f":{"0":0,"1":0,"2":0,"3":0,"4":0,"5":0,"6":0},"b":{"0":[0,0],"1":[0,0],"2":[0,0]},"_coverageSchema":"1a1c01bbd47fc00a2c39e90264f33305004495a9","hash":"e834aff1f5e9f63baac7c4a2847b70eff6263f41"}
,"/Users/rudicarrillo/Documentos/GitHub/CAPSTONE/Module 2/kanban-capstone-js-module2/src/module/pokemon.js": {"path":"/Users/rudicarrillo/Documentos/GitHub/CAPSTONE/Module 2/kanban-capstone-js-module2/src/module/pokemon.js","statementMap":{"0":{"start":{"line":4,"column":18},"end":{"line":4,"column":49}},"1":{"start":{"line":8,"column":19},"end":{"line":8,"column":75}},"2":{"start":{"line":9,"column":15},"end":{"line":9,"column":36}},"3":{"start":{"line":10,"column":2},"end":{"line":10,"column":22}},"4":{"start":{"line":15,"column":19},"end":{"line":15,"column":35}},"5":{"start":{"line":16,"column":15},"end":{"line":16,"column":36}},"6":{"start":{"line":17,"column":2},"end":{"line":17,"column":14}},"7":{"start":{"line":22,"column":22},"end":{"line":22,"column":61}},"8":{"start":{"line":23,"column":22},"end":{"line":23,"column":44}},"9":{"start":{"line":26,"column":20},"end":{"line":26,"column":36}},"10":{"start":{"line":29,"column":26},"end":{"line":99,"column":4}},"11":{"start":{"line":30,"column":20},"end":{"line":30,"column":56}},"12":{"start":{"line":32,"column":27},"end":{"line":32,"column":56}},"13":{"start":{"line":33,"column":4},"end":{"line":33,"column":49}},"14":{"start":{"line":35,"column":34},"end":{"line":35,"column":63}},"15":{"start":{"line":36,"column":4},"end":{"line":36,"column":59}},"16":{"start":{"line":38,"column":25},"end":{"line":38,"column":53}},"17":{"start":{"line":39,"column":4},"end":{"line":39,"column":44}},"18":{"start":{"line":41,"column":25},"end":{"line":41,"column":54}},"19":{"start":{"line":42,"column":4},"end":{"line":42,"column":53}},"20":{"start":{"line":45,"column":21},"end":{"line":45,"column":48}},"21":{"start":{"line":46,"column":4},"end":{"line":46,"column":59}},"22":{"start":{"line":49,"column":23},"end":{"line":49,"column":53}},"23":{"start":{"line":50,"column":4},"end":{"line":50,"column":44}},"24":{"start":{"line":53,"column":20},"end":{"line":53,"column":73}},"25":{"start":{"line":53,"column":44},"end":{"line":53,"column":72}},"26":{"start":{"line":54,"column":4},"end":{"line":58,"column":5}},"27":{"start":{"line":55,"column":6},"end":{"line":55,"column":39}},"28":{"start":{"line":56,"column":6},"end":{"line":56,"column":36}},"29":{"start":{"line":57,"column":6},"end":{"line":57,"column":45}},"30":{"start":{"line":61,"column":4},"end":{"line":61,"column":69}},"31":{"start":{"line":64,"column":26},"end":{"line":64,"column":58}},"32":{"start":{"line":65,"column":4},"end":{"line":65,"column":43}},"33":{"start":{"line":66,"column":4},"end":{"line":66,"column":44}},"34":{"start":{"line":68,"column":4},"end":{"line":68,"column":78}},"35":{"start":{"line":70,"column":4},"end":{"line":75,"column":7}},"36":{"start":{"line":71,"column":21},"end":{"line":71,"column":32}},"37":{"start":{"line":72,"column":20},"end":{"line":72,"column":71}},"38":{"start":{"line":73,"column":6},"end":{"line":73,"column":48}},"39":{"start":{"line":74,"column":6},"end":{"line":74,"column":42}},"40":{"start":{"line":78,"column":4},"end":{"line":92,"column":7}},"41":{"start":{"line":79,"column":6},"end":{"line":91,"column":7}},"42":{"start":{"line":81,"column":8},"end":{"line":81,"column":37}},"43":{"start":{"line":83,"column":8},"end":{"line":83,"column":41}},"44":{"start":{"line":84,"column":8},"end":{"line":84,"column":38}},"45":{"start":{"line":86,"column":8},"end":{"line":86,"column":68}},"46":{"start":{"line":89,"column":8},"end":{"line":89,"column":41}},"47":{"start":{"line":90,"column":8},"end":{"line":90,"column":38}},"48":{"start":{"line":95,"column":4},"end":{"line":98,"column":7}},"49":{"start":{"line":96,"column":6},"end":{"line":96,"column":41}},"50":{"start":{"line":97,"column":6},"end":{"line":97,"column":16}},"51":{"start":{"line":102,"column":2},"end":{"line":102,"column":37}}},"fnMap":{"0":{"name":"getPokemonData","decl":{"start":{"line":7,"column":15},"end":{"line":7,"column":29}},"loc":{"start":{"line":7,"column":32},"end":{"line":11,"column":1}},"line":7},"1":{"name":"getPokemonDetails","decl":{"start":{"line":14,"column":15},"end":{"line":14,"column":32}},"loc":{"start":{"line":14,"column":38},"end":{"line":18,"column":1}},"line":14},"2":{"name":"displayPokemon","decl":{"start":{"line":21,"column":15},"end":{"line":21,"column":29}},"loc":{"start":{"line":21,"column":32},"end":{"line":103,"column":1}},"line":21},"3":{"name":"(anonymous_3)","decl":{"start":{"line":29,"column":42},"end":{"line":29,"column":43}},"loc":{"start":{"line":29,"column":68},"end":{"line":99,"column":3}},"line":29},"4":{"name":"(anonymous_4)","decl":{"start":{"line":53,"column":35},"end":{"line":53,"column":36}},"loc":{"start":{"line":53,"column":44},"end":{"line":53,"column":72}},"line":53},"5":{"name":"(anonymous_5)","decl":{"start":{"line":70,"column":44},"end":{"line":70,"column":45}},"loc":{"start":{"line":70,"column":51},"end":{"line":75,"column":5}},"line":70},"6":{"name":"(anonymous_6)","decl":{"start":{"line":78,"column":39},"end":{"line":78,"column":40}},"loc":{"start":{"line":78,"column":51},"end":{"line":92,"column":5}},"line":78},"7":{"name":"(anonymous_7)","decl":{"start":{"line":95,"column":23},"end":{"line":95,"column":24}},"loc":{"start":{"line":95,"column":36},"end":{"line":98,"column":5}},"line":95}},"branchMap":{"0":{"loc":{"start":{"line":54,"column":4},"end":{"line":58,"column":5}},"type":"if","locations":[{"start":{"line":54,"column":4},"end":{"line":58,"column":5}},{"start":{},"end":{}}],"line":54},"1":{"loc":{"start":{"line":79,"column":6},"end":{"line":91,"column":7}},"type":"if","locations":[{"start":{"line":79,"column":6},"end":{"line":91,"column":7}},{"start":{"line":87,"column":13},"end":{"line":91,"column":7}}],"line":79}},"s":{"0":1,"1":2,"2":2,"3":2,"4":0,"5":0,"6":0,"7":0,"8":0,"9":0,"10":0,"11":0,"12":0,"13":0,"14":0,"15":0,"16":0,"17":0,"18":0,"19":0,"20":0,"21":0,"22":0,"23":0,"24":0,"25":0,"26":0,"27":0,"28":0,"29":0,"30":0,"31":0,"32":0,"33":0,"34":0,"35":0,"36":0,"37":0,"38":0,"39":0,"40":0,"41":0,"42":0,"43":0,"44":0,"45":0,"46":0,"47":0,"48":0,"49":0,"50":0,"51":0},"f":{"0":2,"1":0,"2":0,"3":0,"4":0,"5":0,"6":0,"7":0},"b":{"0":[0,0],"1":[0,0]},"_coverageSchema":"1a1c01bbd47fc00a2c39e90264f33305004495a9","hash":"2b4bba34d7125733113826d5384a9834edf45f28"}
,"/Users/rudicarrillo/Documentos/GitHub/CAPSTONE/Module 2/kanban-capstone-js-module2/src/module/pokemonCounter.js": {"path":"/Users/rudicarrillo/Documentos/GitHub/CAPSTONE/Module 2/kanban-capstone-js-module2/src/module/pokemonCounter.js","statementMap":{"0":{"start":{"line":3,"column":29},"end":{"line":9,"column":1}},"1":{"start":{"line":4,"column":25},"end":{"line":4,"column":67}},"2":{"start":{"line":5,"column":2},"end":{"line":8,"column":3}},"3":{"start":{"line":6,"column":17},"end":{"line":6,"column":39}},"4":{"start":{"line":7,"column":4},"end":{"line":7,"column":45}}},"fnMap":{"0":{"name":"(anonymous_0)","decl":{"start":{"line":3,"column":29},"end":{"line":3,"column":30}},"loc":{"start":{"line":3,"column":41},"end":{"line":9,"column":1}},"line":3}},"branchMap":{"0":{"loc":{"start":{"line":5,"column":2},"end":{"line":8,"column":3}},"type":"if","locations":[{"start":{"line":5,"column":2},"end":{"line":8,"column":3}},{"start":{},"end":{}}],"line":5}},"s":{"0":1,"1":3,"2":3,"3":2,"4":2},"f":{"0":3},"b":{"0":[2,1]},"_coverageSchema":"1a1c01bbd47fc00a2c39e90264f33305004495a9","hash":"cc406a9be2ce4aed0387eb3c105ff77dd9cb2621"}
,"/Users/rudicarrillo/Documentos/GitHub/CAPSTONE/Module 2/kanban-capstone-js-module2/src/module/viewFunctions.js": {"path":"/Users/rudicarrillo/Documentos/GitHub/CAPSTONE/Module 2/kanban-capstone-js-module2/src/module/viewFunctions.js","statementMap":{"0":{"start":{"line":1,"column":37},"end":{"line":8,"column":1}},"1":{"start":{"line":2,"column":17},"end":{"line":2,"column":50}},"2":{"start":{"line":3,"column":22},"end":{"line":3,"column":61}},"3":{"start":{"line":4,"column":17},"end":{"line":4,"column":50}},"4":{"start":{"line":5,"column":2},"end":{"line":5,"column":36}},"5":{"start":{"line":6,"column":2},"end":{"line":6,"column":41}},"6":{"start":{"line":7,"column":2},"end":{"line":7,"column":36}}},"fnMap":{"0":{"name":"(anonymous_0)","decl":{"start":{"line":1,"column":37},"end":{"line":1,"column":38}},"loc":{"start":{"line":1,"column":43},"end":{"line":8,"column":1}},"line":1}},"branchMap":{},"s":{"0":1,"1":0,"2":0,"3":0,"4":0,"5":0,"6":0},"f":{"0":0},"b":{},"_coverageSchema":"1a1c01bbd47fc00a2c39e90264f33305004495a9","hash":"0e6a09e917a10bc8d6f75429e33baba3e7eea4c4"}
}
